0 verbose cli /opt/homebrew/Cellar/node/24.9.0_1/bin/node /opt/homebrew/bin/npm
1 info using npm@11.6.0
2 info using node@v24.9.0
3 silly config load:file:/opt/homebrew/lib/node_modules/npm/npmrc
4 silly config load:file:/Users/amanbansod/Downloads/nagar-sewak-main/.npmrc
5 silly config load:file:/Users/amanbansod/.npmrc
6 silly config load:file:/opt/homebrew/etc/npmrc
7 verbose title npm install
8 verbose argv "install" "--cache" "./.npm-cache"
9 verbose logfile logs-max:10 dir:/Users/amanbansod/Downloads/nagar-sewak-main/.npm-cache/_logs/2025-11-19T09_07_47_094Z-
10 verbose logfile /Users/amanbansod/Downloads/nagar-sewak-main/.npm-cache/_logs/2025-11-19T09_07_47_094Z-debug-0.log
11 silly logfile done cleaning log files
12 silly packumentCache heap:2348810240 maxSize:587202560 maxEntrySize:293601280
13 silly idealTree buildDeps
14 silly reify moves {}
15 verbose stack Error: Could not read package.json: Error: ENOENT: no such file or directory, open '/Users/amanbansod/Downloads/nagar-sewak-main/package.json'
15 verbose stack     at async open (node:internal/fs/promises:642:25)
15 verbose stack     at async readFile (node:internal/fs/promises:1279:14)
15 verbose stack     at async read (/opt/homebrew/lib/node_modules/npm/node_modules/@npmcli/package-json/lib/read-package.js:9:18)
15 verbose stack     at async PackageJson.load (/opt/homebrew/lib/node_modules/npm/node_modules/@npmcli/package-json/lib/index.js:132:31)
15 verbose stack     at async PackageJson.normalize (/opt/homebrew/lib/node_modules/npm/node_modules/@npmcli/package-json/lib/index.js:118:5)
15 verbose stack     at async runScript (/opt/homebrew/lib/node_modules/npm/node_modules/@npmcli/run-script/lib/run-script.js:11:28)
15 verbose stack     at async Install.exec (/opt/homebrew/lib/node_modules/npm/lib/commands/install.js:163:9)
15 verbose stack     at async Npm.exec (/opt/homebrew/lib/node_modules/npm/lib/npm.js:208:9)
15 verbose stack     at async module.exports (/opt/homebrew/lib/node_modules/npm/lib/cli/entry.js:67:5)
16 error code ENOENT
17 error syscall open
18 error path /Users/amanbansod/Downloads/nagar-sewak-main/package.json
19 error errno -2
20 error enoent Could not read package.json: Error: ENOENT: no such file or directory, open '/Users/amanbansod/Downloads/nagar-sewak-main/package.json'
21 error enoent This is related to npm not being able to find a file.
21 error enoent
22 verbose cwd /Users/amanbansod/Downloads/nagar-sewak-main
23 verbose os Darwin 25.1.0
24 verbose node v24.9.0
25 verbose npm  v11.6.0
26 verbose exit -2
27 verbose code -2
28 error A complete log of this run can be found in: /Users/amanbansod/Downloads/nagar-sewak-main/.npm-cache/_logs/2025-11-19T09_07_47_094Z-debug-0.log
